I, [2017-12-08T20:58:25.664556 #34344]  INFO -- Kitchen: -----> Starting Kitchen (v1.19.2)
I, [2017-12-08T20:58:26.656028 #34344]  INFO -- Kitchen: -----> Cleaning up any prior instances of <bad-poise-ruby-vagrant-1404>
I, [2017-12-08T20:58:26.656798 #34344]  INFO -- Kitchen: -----> Destroying <bad-poise-ruby-vagrant-1404>...
I, [2017-12-08T20:58:31.110575 #34344]  INFO -- Kitchen: -----> Testing <bad-poise-ruby-vagrant-1404>
I, [2017-12-08T20:58:31.110794 #34344]  INFO -- Kitchen: -----> Creating <bad-poise-ruby-vagrant-1404>...
I, [2017-12-08T20:59:11.335697 #34344]  INFO -- Kitchen: -----> Converging <bad-poise-ruby-vagrant-1404>...
I, [2017-12-08T20:59:33.783118 #34344]  INFO -- Kitchen: -----> Setting up <bad-poise-ruby-vagrant-1404>...
I, [2017-12-08T20:59:33.784149 #34344]  INFO -- Kitchen: -----> Verifying <bad-poise-ruby-vagrant-1404>...
E, [2017-12-08T20:59:34.589696 #34344] ERROR -- Kitchen: ------Exception-------
E, [2017-12-08T20:59:34.589739 #34344] ERROR -- Kitchen: Class: Kitchen::ActionFailed
E, [2017-12-08T20:59:34.589764 #34344] ERROR -- Kitchen: Message: 1 actions failed.
>>>>>>     Verify failed on instance <bad-poise-ruby-vagrant-1404>.  Please see .kitchen/logs/bad-poise-ruby-vagrant-1404.log for more details
E, [2017-12-08T20:59:34.589786 #34344] ERROR -- Kitchen: ----------------------
E, [2017-12-08T20:59:34.589825 #34344] ERROR -- Kitchen: ------Backtrace-------
E, [2017-12-08T20:59:34.589870 #34344] ERROR -- Kitchen: /opt/chefdk/embedded/lib/ruby/gems/2.4.0/gems/test-kitchen-1.19.2/lib/kitchen/command.rb:183:in `report_errors'
E, [2017-12-08T20:59:34.589953 #34344] ERROR -- Kitchen: /opt/chefdk/embedded/lib/ruby/gems/2.4.0/gems/test-kitchen-1.19.2/lib/kitchen/command.rb:174:in `run_action'
E, [2017-12-08T20:59:34.589997 #34344] ERROR -- Kitchen: /opt/chefdk/embedded/lib/ruby/gems/2.4.0/gems/test-kitchen-1.19.2/lib/kitchen/command/test.rb:42:in `block in call'
E, [2017-12-08T20:59:34.590027 #34344] ERROR -- Kitchen: /opt/chefdk/embedded/lib/ruby/2.4.0/benchmark.rb:293:in `measure'
E, [2017-12-08T20:59:34.590049 #34344] ERROR -- Kitchen: /opt/chefdk/embedded/lib/ruby/gems/2.4.0/gems/test-kitchen-1.19.2/lib/kitchen/command/test.rb:38:in `call'
E, [2017-12-08T20:59:34.590070 #34344] ERROR -- Kitchen: /opt/chefdk/embedded/lib/ruby/gems/2.4.0/gems/test-kitchen-1.19.2/lib/kitchen/cli.rb:52:in `perform'
E, [2017-12-08T20:59:34.590090 #34344] ERROR -- Kitchen: /opt/chefdk/embedded/lib/ruby/gems/2.4.0/gems/test-kitchen-1.19.2/lib/kitchen/cli.rb:245:in `test'
E, [2017-12-08T20:59:34.590110 #34344] ERROR -- Kitchen: /opt/chefdk/embedded/lib/ruby/gems/2.4.0/gems/thor-0.19.1/lib/thor/command.rb:27:in `run'
E, [2017-12-08T20:59:34.590130 #34344] ERROR -- Kitchen: /opt/chefdk/embedded/lib/ruby/gems/2.4.0/gems/thor-0.19.1/lib/thor/invocation.rb:126:in `invoke_command'
E, [2017-12-08T20:59:34.590149 #34344] ERROR -- Kitchen: /opt/chefdk/embedded/lib/ruby/gems/2.4.0/gems/thor-0.19.1/lib/thor.rb:359:in `dispatch'
E, [2017-12-08T20:59:34.590169 #34344] ERROR -- Kitchen: /opt/chefdk/embedded/lib/ruby/gems/2.4.0/gems/thor-0.19.1/lib/thor/base.rb:440:in `start'
E, [2017-12-08T20:59:34.590190 #34344] ERROR -- Kitchen: /opt/chefdk/embedded/lib/ruby/gems/2.4.0/gems/test-kitchen-1.19.2/bin/kitchen:13:in `block in <top (required)>'
E, [2017-12-08T20:59:34.590209 #34344] ERROR -- Kitchen: /opt/chefdk/embedded/lib/ruby/gems/2.4.0/gems/test-kitchen-1.19.2/lib/kitchen/errors.rb:171:in `with_friendly_errors'
E, [2017-12-08T20:59:34.590229 #34344] ERROR -- Kitchen: /opt/chefdk/embedded/lib/ruby/gems/2.4.0/gems/test-kitchen-1.19.2/bin/kitchen:13:in `<top (required)>'
E, [2017-12-08T20:59:34.590249 #34344] ERROR -- Kitchen: /usr/local/bin/kitchen:255:in `load'
E, [2017-12-08T20:59:34.590267 #34344] ERROR -- Kitchen: /usr/local/bin/kitchen:255:in `<main>'
E, [2017-12-08T20:59:34.590286 #34344] ERROR -- Kitchen: ----End Backtrace-----
E, [2017-12-08T20:59:34.590305 #34344] ERROR -- Kitchen: -Composite Exception--
E, [2017-12-08T20:59:34.590343 #34344] ERROR -- Kitchen: Class: Kitchen::InstanceFailure
E, [2017-12-08T20:59:34.590362 #34344] ERROR -- Kitchen: Message: Verify failed on instance <bad-poise-ruby-vagrant-1404>.  Please see .kitchen/logs/bad-poise-ruby-vagrant-1404.log for more details
E, [2017-12-08T20:59:34.590393 #34344] ERROR -- Kitchen: ----------------------
E, [2017-12-08T20:59:34.590412 #34344] ERROR -- Kitchen: ------Backtrace-------
E, [2017-12-08T20:59:34.590429 #34344] ERROR -- Kitchen: /opt/chefdk/embedded/lib/ruby/gems/2.4.0/gems/test-kitchen-1.19.2/lib/kitchen/verifier/base.rb:80:in `rescue in call'
E, [2017-12-08T20:59:34.590447 #34344] ERROR -- Kitchen: /opt/chefdk/embedded/lib/ruby/gems/2.4.0/gems/test-kitchen-1.19.2/lib/kitchen/verifier/base.rb:83:in `call'
E, [2017-12-08T20:59:34.590465 #34344] ERROR -- Kitchen: /opt/chefdk/embedded/lib/ruby/gems/2.4.0/gems/test-kitchen-1.19.2/lib/kitchen/instance.rb:443:in `block in verify_action'
E, [2017-12-08T20:59:34.590483 #34344] ERROR -- Kitchen: /opt/chefdk/embedded/lib/ruby/gems/2.4.0/gems/test-kitchen-1.19.2/lib/kitchen/instance.rb:536:in `synchronize_or_call'
E, [2017-12-08T20:59:34.590500 #34344] ERROR -- Kitchen: /opt/chefdk/embedded/lib/ruby/gems/2.4.0/gems/test-kitchen-1.19.2/lib/kitchen/instance.rb:498:in `block in action'
E, [2017-12-08T20:59:34.590518 #34344] ERROR -- Kitchen: /opt/chefdk/embedded/lib/ruby/2.4.0/benchmark.rb:293:in `measure'
E, [2017-12-08T20:59:34.590535 #34344] ERROR -- Kitchen: /opt/chefdk/embedded/lib/ruby/gems/2.4.0/gems/test-kitchen-1.19.2/lib/kitchen/instance.rb:497:in `action'
E, [2017-12-08T20:59:34.590553 #34344] ERROR -- Kitchen: /opt/chefdk/embedded/lib/ruby/gems/2.4.0/gems/test-kitchen-1.19.2/lib/kitchen/instance.rb:435:in `verify_action'
E, [2017-12-08T20:59:34.590571 #34344] ERROR -- Kitchen: /opt/chefdk/embedded/lib/ruby/gems/2.4.0/gems/test-kitchen-1.19.2/lib/kitchen/instance.rb:368:in `block in transition_to'
E, [2017-12-08T20:59:34.590588 #34344] ERROR -- Kitchen: /opt/chefdk/embedded/lib/ruby/gems/2.4.0/gems/test-kitchen-1.19.2/lib/kitchen/instance.rb:367:in `each'
E, [2017-12-08T20:59:34.590606 #34344] ERROR -- Kitchen: /opt/chefdk/embedded/lib/ruby/gems/2.4.0/gems/test-kitchen-1.19.2/lib/kitchen/instance.rb:367:in `transition_to'
E, [2017-12-08T20:59:34.590623 #34344] ERROR -- Kitchen: /opt/chefdk/embedded/lib/ruby/gems/2.4.0/gems/test-kitchen-1.19.2/lib/kitchen/instance.rb:157:in `verify'
E, [2017-12-08T20:59:34.590641 #34344] ERROR -- Kitchen: /opt/chefdk/embedded/lib/ruby/gems/2.4.0/gems/test-kitchen-1.19.2/lib/kitchen/instance.rb:186:in `block in test'
E, [2017-12-08T20:59:34.590658 #34344] ERROR -- Kitchen: /opt/chefdk/embedded/lib/ruby/2.4.0/benchmark.rb:293:in `measure'
E, [2017-12-08T20:59:34.590676 #34344] ERROR -- Kitchen: /opt/chefdk/embedded/lib/ruby/gems/2.4.0/gems/test-kitchen-1.19.2/lib/kitchen/instance.rb:182:in `test'
E, [2017-12-08T20:59:34.590694 #34344] ERROR -- Kitchen: /opt/chefdk/embedded/lib/ruby/gems/2.4.0/gems/test-kitchen-1.19.2/lib/kitchen/command.rb:197:in `public_send'
E, [2017-12-08T20:59:34.590711 #34344] ERROR -- Kitchen: /opt/chefdk/embedded/lib/ruby/gems/2.4.0/gems/test-kitchen-1.19.2/lib/kitchen/command.rb:197:in `run_action_in_thread'
E, [2017-12-08T20:59:34.590729 #34344] ERROR -- Kitchen: /opt/chefdk/embedded/lib/ruby/gems/2.4.0/gems/test-kitchen-1.19.2/lib/kitchen/command.rb:169:in `block (2 levels) in run_action'
E, [2017-12-08T20:59:34.590746 #34344] ERROR -- Kitchen: ----End Backtrace-----
E, [2017-12-08T20:59:34.590763 #34344] ERROR -- Kitchen: ---Nested Exception---
E, [2017-12-08T20:59:34.590780 #34344] ERROR -- Kitchen: Class: Kitchen::ActionFailed
E, [2017-12-08T20:59:34.590821 #34344] ERROR -- Kitchen: Message: SSH exited (1) for command: [sh -c '
TEST_KITCHEN="1"; export TEST_KITCHEN
BUSSER_ROOT="/tmp/verifier"; export BUSSER_ROOT
GEM_HOME="/tmp/verifier/gems"; export GEM_HOME
GEM_PATH="/tmp/verifier/gems"; export GEM_PATH
GEM_CACHE="/tmp/verifier/gems/cache"; export GEM_CACHE
ruby="/opt/chef/embedded/bin/ruby"
gem="/opt/chef/embedded/bin/gem"
version="busser"
gem_install_args="busser --no-rdoc --no-ri --no-format-executable -n /tmp/verifier/bin --no-user-install"
busser="sudo -E /tmp/verifier/bin/busser"
plugins="busser-bats"

$gem list --no-versions | grep "^busser" 2>&1 >/dev/null
if test $? -ne 0; then
  echo "-----> Installing Busser ($version)"
  $gem install $gem_install_args
else
  echo "-----> Busser installation detected ($version)"
fi

if test ! -f "$BUSSER_ROOT/bin/busser"; then
  $busser setup
fi

for plugin in $plugins; do
  $gem list --no-versions | grep "^$plugin$" 2>&1 >/dev/null
  if test $? -ne 0; then
    echo "-----> Installing Busser plugin: $plugin"
    $busser plugin install $plugin
  else
    echo "-----> Busser plugin detected: $plugin"
  fi
done
']
E, [2017-12-08T20:59:34.590850 #34344] ERROR -- Kitchen: ----------------------
E, [2017-12-08T20:59:34.590868 #34344] ERROR -- Kitchen: ------Backtrace-------
E, [2017-12-08T20:59:34.590884 #34344] ERROR -- Kitchen: /opt/chefdk/embedded/lib/ruby/gems/2.4.0/gems/test-kitchen-1.19.2/lib/kitchen/verifier/base.rb:80:in `rescue in call'
E, [2017-12-08T20:59:34.590902 #34344] ERROR -- Kitchen: /opt/chefdk/embedded/lib/ruby/gems/2.4.0/gems/test-kitchen-1.19.2/lib/kitchen/verifier/base.rb:83:in `call'
E, [2017-12-08T20:59:34.590920 #34344] ERROR -- Kitchen: /opt/chefdk/embedded/lib/ruby/gems/2.4.0/gems/test-kitchen-1.19.2/lib/kitchen/instance.rb:443:in `block in verify_action'
E, [2017-12-08T20:59:34.590937 #34344] ERROR -- Kitchen: /opt/chefdk/embedded/lib/ruby/gems/2.4.0/gems/test-kitchen-1.19.2/lib/kitchen/instance.rb:536:in `synchronize_or_call'
E, [2017-12-08T20:59:34.590981 #34344] ERROR -- Kitchen: /opt/chefdk/embedded/lib/ruby/gems/2.4.0/gems/test-kitchen-1.19.2/lib/kitchen/instance.rb:498:in `block in action'
E, [2017-12-08T20:59:34.591002 #34344] ERROR -- Kitchen: /opt/chefdk/embedded/lib/ruby/2.4.0/benchmark.rb:293:in `measure'
E, [2017-12-08T20:59:34.591020 #34344] ERROR -- Kitchen: /opt/chefdk/embedded/lib/ruby/gems/2.4.0/gems/test-kitchen-1.19.2/lib/kitchen/instance.rb:497:in `action'
E, [2017-12-08T20:59:34.591038 #34344] ERROR -- Kitchen: /opt/chefdk/embedded/lib/ruby/gems/2.4.0/gems/test-kitchen-1.19.2/lib/kitchen/instance.rb:435:in `verify_action'
E, [2017-12-08T20:59:34.591055 #34344] ERROR -- Kitchen: /opt/chefdk/embedded/lib/ruby/gems/2.4.0/gems/test-kitchen-1.19.2/lib/kitchen/instance.rb:368:in `block in transition_to'
E, [2017-12-08T20:59:34.591072 #34344] ERROR -- Kitchen: /opt/chefdk/embedded/lib/ruby/gems/2.4.0/gems/test-kitchen-1.19.2/lib/kitchen/instance.rb:367:in `each'
E, [2017-12-08T20:59:34.591090 #34344] ERROR -- Kitchen: /opt/chefdk/embedded/lib/ruby/gems/2.4.0/gems/test-kitchen-1.19.2/lib/kitchen/instance.rb:367:in `transition_to'
E, [2017-12-08T20:59:34.591107 #34344] ERROR -- Kitchen: /opt/chefdk/embedded/lib/ruby/gems/2.4.0/gems/test-kitchen-1.19.2/lib/kitchen/instance.rb:157:in `verify'
E, [2017-12-08T20:59:34.591125 #34344] ERROR -- Kitchen: /opt/chefdk/embedded/lib/ruby/gems/2.4.0/gems/test-kitchen-1.19.2/lib/kitchen/instance.rb:186:in `block in test'
E, [2017-12-08T20:59:34.591142 #34344] ERROR -- Kitchen: /opt/chefdk/embedded/lib/ruby/2.4.0/benchmark.rb:293:in `measure'
E, [2017-12-08T20:59:34.591159 #34344] ERROR -- Kitchen: /opt/chefdk/embedded/lib/ruby/gems/2.4.0/gems/test-kitchen-1.19.2/lib/kitchen/instance.rb:182:in `test'
E, [2017-12-08T20:59:34.591177 #34344] ERROR -- Kitchen: /opt/chefdk/embedded/lib/ruby/gems/2.4.0/gems/test-kitchen-1.19.2/lib/kitchen/command.rb:197:in `public_send'
E, [2017-12-08T20:59:34.591195 #34344] ERROR -- Kitchen: /opt/chefdk/embedded/lib/ruby/gems/2.4.0/gems/test-kitchen-1.19.2/lib/kitchen/command.rb:197:in `run_action_in_thread'
E, [2017-12-08T20:59:34.591212 #34344] ERROR -- Kitchen: /opt/chefdk/embedded/lib/ruby/gems/2.4.0/gems/test-kitchen-1.19.2/lib/kitchen/command.rb:169:in `block (2 levels) in run_action'
E, [2017-12-08T20:59:34.591230 #34344] ERROR -- Kitchen: ----End Backtrace-----
